{
  "RSpec": {
    "coverage": {
      "/Users/jshipley/turing/mod3/api_curious/app/controllers/sessions_controller.rb": [
        1,
        1,
        3,
        3,
        null,
        3,
        null,
        null,
        1,
        2,
        null,
        2,
        null,
        null,
        null
      ],
      "/Users/jshipley/turing/mod3/api_curious/app/controllers/application_controller.rb": [
        1,
        1,
        1,
        null,
        1,
        20,
        null,
        null
      ],
      "/Users/jshipley/turing/mod3/api_curious/app/models/github_service.rb": [
        1,
        null,
        1,
        2,
        2,
        null,
        null,
        1,
        3,
        3,
        null,
        null
      ],
      "/Users/jshipley/turing/mod3/api_curious/app/models/user.rb": [
        1,
        null,
        1,
        9,
        8,
        8,
        8,
        8,
        null,
        null,
        null
      ],
      "/Users/jshipley/turing/mod3/api_curious/app/models/application_record.rb": [
        1,
        1,
        null
      ],
      "/Users/jshipley/turing/mod3/api_curious/app/controllers/home_controller.rb": [
        1,
        1,
        4,
        2,
        null,
        null,
        null
      ],
      "/Users/jshipley/turing/mod3/api_curious/app/models/user_detail.rb": [
        1,
        1,
        null,
        null,
        null,
        1,
        2,
        2,
        2,
        null,
        null,
        1,
        2,
        2,
        null,
        null
      ],
      "/Users/jshipley/turing/mod3/api_curious/app/models/github_repo.rb": [
        1,
        1,
        null,
        null,
        null,
        null,
        null,
        1,
        25,
        25,
        25,
        25,
        25,
        null,
        null,
        1,
        1,
        25,
        null,
        null,
        null
      ]
    },
    "timestamp": 1485983722
  }
}
