{
  "RSpec": {
    "coverage": {
      "/Users/josh/code/turing/1610/api_curious_refactors/app/controllers/repos_controller.rb": [
        1,
        null,
        1,
        2,
        2,
        null,
        null,
        null,
        1,
        0,
        0,
        null,
        null,
        null
      ],
      "/Users/josh/code/turing/1610/api_curious_refactors/app/controllers/application_controller.rb": [
        1,
        1,
        1,
        null,
        1,
        74,
        null,
        null
      ],
      "/Users/josh/code/turing/1610/api_curious_refactors/app/controllers/sessions_controller.rb": [
        1,
        1,
        3,
        3,
        null,
        3,
        null,
        null,
        1,
        2,
        null,
        2,
        null,
        null,
        null
      ],
      "/Users/josh/code/turing/1610/api_curious_refactors/app/models/github_service.rb": [
        1,
        null,
        1,
        8,
        null,
        null,
        1,
        1,
        9,
        null,
        null,
        1,
        9,
        9,
        9,
        null,
        null,
        null,
        1,
        3,
        null,
        null,
        1,
        9,
        9,
        null,
        null,
        1,
        3,
        null,
        null,
        1,
        6,
        null,
        null,
        1,
        6,
        null,
        null,
        1,
        1,
        1,
        null,
        null,
        1,
        2,
        2,
        null,
        null,
        1,
        2,
        2,
        null,
        null,
        null,
        1,
        3,
        3,
        null,
        null
      ],
      "/Users/josh/code/turing/1610/api_curious_refactors/app/models/user.rb": [
        1,
        null,
        1,
        9,
        8,
        8,
        8,
        8,
        null,
        null,
        null
      ],
      "/Users/josh/code/turing/1610/api_curious_refactors/app/models/application_record.rb": [
        1,
        1,
        null
      ],
      "/Users/josh/code/turing/1610/api_curious_refactors/app/controllers/home_controller.rb": [
        1,
        1,
        4,
        2,
        null,
        null,
        null
      ],
      "/Users/josh/code/turing/1610/api_curious_refactors/app/presenters/dashboard_presenter.rb": [
        1,
        1,
        null,
        1,
        null,
        1,
        2,
        null,
        null,
        1,
        52,
        null,
        null,
        1,
        2,
        null,
        null,
        1,
        2,
        null,
        null,
        1,
        2,
        null,
        null,
        1,
        2,
        null,
        null,
        1,
        1,
        null
      ],
      "/Users/josh/code/turing/1610/api_curious_refactors/app/models/github_follow.rb": [
        1,
        1,
        null,
        null,
        null,
        1,
        12,
        12,
        12,
        null,
        null,
        1,
        3,
        6,
        null,
        null,
        null,
        1,
        3,
        6,
        null,
        null,
        null
      ],
      "/Users/josh/code/turing/1610/api_curious_refactors/app/models/github_repo.rb": [
        1,
        1,
        null,
        null,
        null,
        null,
        null,
        1,
        126,
        126,
        126,
        126,
        126,
        null,
        null,
        1,
        5,
        125,
        null,
        null,
        null,
        1,
        1,
        1,
        null,
        null
      ],
      "/Users/josh/code/turing/1610/api_curious_refactors/app/models/github_commit.rb": [
        1,
        1,
        null,
        null,
        null,
        null,
        1,
        4,
        4,
        4,
        4,
        null,
        1,
        1,
        4,
        null,
        null,
        null,
        null
      ],
      "/Users/josh/code/turing/1610/api_curious_refactors/app/models/user_detail.rb": [
        0,
        0,
        0,
        0,
        0,
        0,
        0,
        0,
        0,
        0,
        0,
        0,
        0,
        0,
        0,
        0
      ]
    },
    "timestamp": 1486148093
  }
}
